<?xml version="1.0" encoding="UTF-8"?>
<testng-results ignored="0" total="1" passed="1" failed="0" skipped="0">
  <reporter-output>
  </reporter-output>
  <suite started-at="2022-05-23T22:04:44 IST" name="All Test Suite" finished-at="2022-05-23T22:05:27 IST" duration-ms="42787">
    <groups>
    </groups>
    <test started-at="2022-05-23T22:04:44 IST" name="S:/final/final" finished-at="2022-05-23T22:05:27 IST" duration-ms="42787">
      <class name="academy.launch">
        <test-method is-config="true" signature="open()[pri:0, instance:academy.launch@1623134f]" started-at="2022-05-23T22:04:44 IST" name="open" finished-at="2022-05-23T22:05:20 IST" duration-ms="36398" status="PASS">
          <reporter-output>
          </reporter-output>
        </test-method> <!-- open -->
        <test-method signature="launchBrowser()[pri:0, instance:academy.launch@1623134f]" started-at="2022-05-23T22:05:20 IST" name="launchBrowser" finished-at="2022-05-23T22:05:23 IST" duration-ms="2171" status="PASS">
          <reporter-output>
          </reporter-output>
        </test-method> <!-- launchBrowser -->
        <test-method is-config="true" signature="close()[pri:0, instance:academy.launch@1623134f]" started-at="2022-05-23T22:05:23 IST" name="close" finished-at="2022-05-23T22:05:27 IST" duration-ms="4153" status="PASS">
          <reporter-output>
          </reporter-output>
        </test-method> <!-- close -->
      </class> <!-- academy.launch -->
    </test> <!-- S:/final/final -->
  </suite> <!-- All Test Suite -->
</testng-results>
